c:\users\metro\source\repos\kings_physics\sourcecode\vcproject2015\vcproject2015\debug\vc143.pdb
c:\users\metro\source\repos\kings_physics\sourcecode\vcproject2015\vcproject2015\debug\vc143.idb
c:\users\metro\source\repos\kings_physics\sourcecode\vcproject2015\vcproject2015\debug\corelogic.obj
c:\users\metro\source\repos\kings_physics\sourcecode\vcproject2015\vcproject2015\debug\enemyanimator.obj
c:\users\metro\source\repos\kings_physics\sourcecode\vcproject2015\vcproject2015\debug\flyanimator.obj
c:\users\metro\source\repos\kings_physics\sourcecode\vcproject2015\vcproject2015\debug\gameui.obj
c:\users\metro\source\repos\kings_physics\sourcecode\vcproject2015\vcproject2015\debug\hud.obj
c:\users\metro\source\repos\kings_physics\sourcecode\vcproject2015\vcproject2015\debug\knightanimator.obj
c:\users\metro\source\repos\kings_physics\sourcecode\vcproject2015\vcproject2015\debug\kontrol.obj
c:\users\metro\source\repos\kings_physics\sourcecode\vcproject2015\vcproject2015\debug\lessonx.obj
c:\users\metro\source\repos\kings_physics\sourcecode\vcproject2015\vcproject2015\debug\lib_parallax_scroll.obj
c:\users\metro\source\repos\kings_physics\sourcecode\vcproject2015\vcproject2015\debug\main.obj
c:\users\metro\source\repos\kings_physics\sourcecode\vcproject2015\vcproject2015\debug\scenemanager.obj
c:\users\metro\source\repos\kings_physics\sourcecode\vcproject2015\vcproject2015\debug\simplephysics.obj
c:\users\metro\source\repos\kings_physics\sourcecode\vcproject2015\vcproject2015\debug\tutorial.obj
c:\users\metro\source\repos\kings_physics\bin\game.exe
c:\users\metro\source\repos\kings_physics\bin\game.pdb
c:\users\metro\source\repos\kings_physics\sourcecode\vcproject2015\vcproject2015\debug\vctemplate.res
c:\users\metro\source\repos\kings_physics\sourcecode\vcproject2015\vcproject2015\debug\vcproject2015.tlog\cl.command.1.tlog
c:\users\metro\source\repos\kings_physics\sourcecode\vcproject2015\vcproject2015\debug\vcproject2015.tlog\cl.read.1.tlog
c:\users\metro\source\repos\kings_physics\sourcecode\vcproject2015\vcproject2015\debug\vcproject2015.tlog\cl.write.1.tlog
c:\users\metro\source\repos\kings_physics\sourcecode\vcproject2015\vcproject2015\debug\vcproject2015.tlog\link.command.1.tlog
c:\users\metro\source\repos\kings_physics\sourcecode\vcproject2015\vcproject2015\debug\vcproject2015.tlog\link.read.1.tlog
c:\users\metro\source\repos\kings_physics\sourcecode\vcproject2015\vcproject2015\debug\vcproject2015.tlog\link.write.1.tlog
c:\users\metro\source\repos\kings_physics\sourcecode\vcproject2015\vcproject2015\debug\vcproject2015.tlog\rc.command.1.tlog
c:\users\metro\source\repos\kings_physics\sourcecode\vcproject2015\vcproject2015\debug\vcproject2015.tlog\rc.read.1.tlog
c:\users\metro\source\repos\kings_physics\sourcecode\vcproject2015\vcproject2015\debug\vcproject2015.tlog\rc.write.1.tlog
