  Kontrol.cc
C:\Users\metro\source\repos\kings_physics\SourceCode\Src\Kontrol.cc(45,7): error C2653: 'KeyBinds': is not a class or namespace name
C:\Users\metro\source\repos\kings_physics\SourceCode\Src\Kontrol.cc(45,17): error C2065: 'KEY_LEFT': undeclared identifier
C:\Users\metro\source\repos\kings_physics\SourceCode\Src\Kontrol.cc(47,7): error C2653: 'KeyBinds': is not a class or namespace name
C:\Users\metro\source\repos\kings_physics\SourceCode\Src\Kontrol.cc(47,17): error C2065: 'KEY_RIGHT': undeclared identifier
C:\Users\metro\source\repos\kings_physics\SourceCode\Src\Kontrol.cc(45,1): error C2051: case expression not constant
C:\Users\metro\source\repos\kings_physics\SourceCode\Src\Kontrol.cc(47,1): error C2051: case expression not constant
C:\Users\metro\source\repos\kings_physics\SourceCode\Src\Kontrol.cc(51,2): warning C4065: switch statement contains 'default' but no 'case' labels
C:\Users\metro\source\repos\kings_physics\SourceCode\Src\Kontrol.cc(58,7): error C2653: 'KeyBinds': is not a class or namespace name
C:\Users\metro\source\repos\kings_physics\SourceCode\Src\Kontrol.cc(58,17): error C2065: 'KEY_LEFT': undeclared identifier
C:\Users\metro\source\repos\kings_physics\SourceCode\Src\Kontrol.cc(61,7): error C2653: 'KeyBinds': is not a class or namespace name
C:\Users\metro\source\repos\kings_physics\SourceCode\Src\Kontrol.cc(61,17): error C2065: 'KEY_RIGHT': undeclared identifier
C:\Users\metro\source\repos\kings_physics\SourceCode\Src\Kontrol.cc(58,1): error C2051: case expression not constant
C:\Users\metro\source\repos\kings_physics\SourceCode\Src\Kontrol.cc(61,1): error C2051: case expression not constant
C:\Users\metro\source\repos\kings_physics\SourceCode\Src\Kontrol.cc(66,2): warning C4065: switch statement contains 'default' but no 'case' labels
  LessonX.cpp
C:\Users\metro\source\repos\kings_physics\SourceCode\Header\LibParallexScroll.h(52,20): warning C4305: 'initializing': truncation from 'double' to 'float'
C:\Users\metro\source\repos\kings_physics\SourceCode\Header\SimplePhysics.h(85,34): warning C4305: 'initializing': truncation from 'double' to 'float'
  Main.cpp
C:\Users\metro\source\repos\kings_physics\SourceCode\Header\LibParallexScroll.h(52,20): warning C4305: 'initializing': truncation from 'double' to 'float'
C:\Users\metro\source\repos\kings_physics\SourceCode\Header\SimplePhysics.h(85,34): warning C4305: 'initializing': truncation from 'double' to 'float'
  Generating Code...
